[2024-07-24 08:00:48,303] INFO Registered kafka:type=kafka.Log4jController MBean (kafka.utils.Log4jControllerRegistration$)
[2024-07-24 08:00:49,271] INFO Setting -D jdk.tls.rejectClientInitiatedRenegotiation=true to disable client-initiated TLS renegotiation (org.apache.zookeeper.common.X509Util)
[2024-07-24 08:00:49,454] ERROR Exiting Kafka due to fatal exception (kafka.Kafka$)
java.lang.RuntimeException: No readable meta.properties files found.
	at org.apache.kafka.metadata.properties.MetaPropertiesEnsemble.verify(MetaPropertiesEnsemble.java:493)
	at kafka.server.KafkaRaftServer$.initializeLogDirs(KafkaRaftServer.scala:152)
	at kafka.server.KafkaRaftServer.<init>(KafkaRaftServer.scala:60)
	at kafka.Kafka$.buildServer(Kafka.scala:82)
	at kafka.Kafka$.main(Kafka.scala:90)
	at kafka.Kafka.main(Kafka.scala)
[2024-07-24 08:01:05,058] INFO Registered kafka:type=kafka.Log4jController MBean (kafka.utils.Log4jControllerRegistration$)
[2024-07-24 08:01:05,651] INFO Setting -D jdk.tls.rejectClientInitiatedRenegotiation=true to disable client-initiated TLS renegotiation (org.apache.zookeeper.common.X509Util)
[2024-07-24 08:01:05,791] ERROR Exiting Kafka due to fatal exception (kafka.Kafka$)
java.lang.RuntimeException: No readable meta.properties files found.
	at org.apache.kafka.metadata.properties.MetaPropertiesEnsemble.verify(MetaPropertiesEnsemble.java:493)
	at kafka.server.KafkaRaftServer$.initializeLogDirs(KafkaRaftServer.scala:152)
	at kafka.server.KafkaRaftServer.<init>(KafkaRaftServer.scala:60)
	at kafka.Kafka$.buildServer(Kafka.scala:82)
	at kafka.Kafka$.main(Kafka.scala:90)
	at kafka.Kafka.main(Kafka.scala)
[2024-07-24 08:05:27,236] INFO Registered kafka:type=kafka.Log4jController MBean (kafka.utils.Log4jControllerRegistration$)
[2024-07-24 08:05:27,976] INFO Setting -D jdk.tls.rejectClientInitiatedRenegotiation=true to disable client-initiated TLS renegotiation (org.apache.zookeeper.common.X509Util)
[2024-07-24 08:05:28,136] ERROR Exiting Kafka due to fatal exception (kafka.Kafka$)
java.lang.RuntimeException: No readable meta.properties files found.
	at org.apache.kafka.metadata.properties.MetaPropertiesEnsemble.verify(MetaPropertiesEnsemble.java:493)
	at kafka.server.KafkaRaftServer$.initializeLogDirs(KafkaRaftServer.scala:152)
	at kafka.server.KafkaRaftServer.<init>(KafkaRaftServer.scala:60)
	at kafka.Kafka$.buildServer(Kafka.scala:82)
	at kafka.Kafka$.main(Kafka.scala:90)
	at kafka.Kafka.main(Kafka.scala)
[2024-07-24 08:09:44,181] INFO Registered kafka:type=kafka.Log4jController MBean (kafka.utils.Log4jControllerRegistration$)
[2024-07-24 08:09:44,896] INFO Setting -D jdk.tls.rejectClientInitiatedRenegotiation=true to disable client-initiated TLS renegotiation (org.apache.zookeeper.common.X509Util)
[2024-07-24 08:09:45,080] ERROR Exiting Kafka due to fatal exception (kafka.Kafka$)
java.lang.RuntimeException: No readable meta.properties files found.
	at org.apache.kafka.metadata.properties.MetaPropertiesEnsemble.verify(MetaPropertiesEnsemble.java:493)
	at kafka.server.KafkaRaftServer$.initializeLogDirs(KafkaRaftServer.scala:152)
	at kafka.server.KafkaRaftServer.<init>(KafkaRaftServer.scala:60)
	at kafka.Kafka$.buildServer(Kafka.scala:82)
	at kafka.Kafka$.main(Kafka.scala:90)
	at kafka.Kafka.main(Kafka.scala)
